<?xml version="1.0" encoding="UTF-8"?>
<!-- Generated by org.testng.reporters.JUnitReportReporter -->
<testsuite hostname="LAPTOP-TI61EAF6" failures="0" tests="3" name="LambdaTest.LambdaTestPlaygroud.SearchBarScenarios" time="70.210" errors="0" timestamp="2025-09-07T21:33:12 IST" skipped="0">
  <testcase classname="LambdaTest.LambdaTestPlaygroud.SearchBarScenarios" name="Login" time="26.202"/>
  <testcase classname="LambdaTest.LambdaTestPlaygroud.SearchBarScenarios" name="searchItemsTC1" time="15.560"/>
  <testcase classname="LambdaTest.LambdaTestPlaygroud.SearchBarScenarios" name="SearchUsingFilterTC2" time="28.448"/>
</testsuite> <!-- LambdaTest.LambdaTestPlaygroud.SearchBarScenarios -->
