<?xml version="1.0" encoding="UTF-8"?>
<!-- Generated by org.testng.reporters.JUnitReportReporter -->
<testsuite hostname="LAPTOP-TI61EAF6" failures="0" tests="4" name="LambdaTest.LambdaTestPlaygroud.MegaMenuViewItems" time="55.623" errors="0" timestamp="2025-09-07T21:33:12 IST" skipped="0">
  <testcase classname="LambdaTest.LambdaTestPlaygroud.MegaMenuViewItems" name="ViewItems" time="11.918"/>
  <testcase classname="LambdaTest.LambdaTestPlaygroud.MegaMenuViewItems" name="ViewItems" time="12.136"/>
  <testcase classname="LambdaTest.LambdaTestPlaygroud.MegaMenuViewItems" name="Login" time="14.587"/>
  <testcase classname="LambdaTest.LambdaTestPlaygroud.MegaMenuViewItems" name="ViewItems" time="16.982"/>
</testsuite> <!-- LambdaTest.LambdaTestPlaygroud.MegaMenuViewItems -->
