<?xml version="1.0" encoding="UTF-8"?>
<!-- Generated by org.testng.reporters.JUnitReportReporter -->
<testsuite hostname="LAPTOP-TI61EAF6" failures="0" tests="1" name="LambdaTest.LambdaTestPlaygroud.LoginScenarios" time="10.882" errors="0" timestamp="2025-09-07T21:57:52 IST" skipped="0">
  <testcase classname="LambdaTest.LambdaTestPlaygroud.LoginScenarios" name="LoginWithValidCredsTC1" time="10.882"/>
</testsuite> <!-- LambdaTest.LambdaTestPlaygroud.LoginScenarios -->
