<?xml version="1.0" encoding="UTF-8"?>
<!-- Generated by org.testng.reporters.JUnitReportReporter -->
<testsuite hostname="LAPTOP-TI61EAF6" failures="0" tests="2" name="LambdaTest.LambdaTestPlaygroud.LoginScenarios" time="47.848" errors="0" timestamp="2025-09-07T23:30:59 IST" skipped="0">
  <testcase classname="LambdaTest.LambdaTestPlaygroud.LoginScenarios" name="LoginWithValidCredsTC1" time="20.998"/>
  <testcase classname="LambdaTest.LambdaTestPlaygroud.LoginScenarios" name="LoginWithInvalidCredsTC2" time="26.850"/>
</testsuite> <!-- LambdaTest.LambdaTestPlaygroud.LoginScenarios -->
