<?xml version="1.0" encoding="UTF-8"?>
<!-- Generated by org.testng.reporters.JUnitReportReporter -->
<testsuite hostname="LAPTOP-TI61EAF6" failures="0" tests="4" name="LambdaTest.LambdaTestPlaygroud.MegaMenuViewItems" time="78.774" errors="0" timestamp="2025-09-07T23:30:59 IST" skipped="0">
  <testcase classname="LambdaTest.LambdaTestPlaygroud.MegaMenuViewItems" name="ViewItems" time="16.428"/>
  <testcase classname="LambdaTest.LambdaTestPlaygroud.MegaMenuViewItems" name="Login" time="24.351"/>
  <testcase classname="LambdaTest.LambdaTestPlaygroud.MegaMenuViewItems" name="ViewItems" time="14.697"/>
  <testcase classname="LambdaTest.LambdaTestPlaygroud.MegaMenuViewItems" name="ViewItems" time="23.298"/>
</testsuite> <!-- LambdaTest.LambdaTestPlaygroud.MegaMenuViewItems -->
