<?xml version="1.0" encoding="UTF-8"?>
<!-- Generated by org.testng.reporters.JUnitReportReporter -->
<testsuite hostname="LAPTOP-TI61EAF6" failures="0" tests="3" name="LambdaTest.LambdaTestPlaygroud.SearchBarScenarios" time="74.660" errors="0" timestamp="2025-09-07T23:30:59 IST" skipped="0">
  <testcase classname="LambdaTest.LambdaTestPlaygroud.SearchBarScenarios" name="Login" time="26.945"/>
  <testcase classname="LambdaTest.LambdaTestPlaygroud.SearchBarScenarios" name="searchItemsTC1" time="23.697"/>
  <testcase classname="LambdaTest.LambdaTestPlaygroud.SearchBarScenarios" name="SearchUsingFilterTC2" time="24.018"/>
</testsuite> <!-- LambdaTest.LambdaTestPlaygroud.SearchBarScenarios -->
